
2023-11-16 17:43:38...installerHook: Info: custom/install/install_hooks.php not present, no custom hooks to execute
2023-11-16 17:43:51...Begin System Check Process *************
2023-11-16 17:43:51...XML Parsing Support Found
2023-11-16 17:43:51...JSON Parsing Support Found
2023-11-16 17:43:51...MBString Support Found
2023-11-16 17:43:51...ZIP Support Found
2023-11-16 17:43:51.../custom directory and subdirectory check passed
2023-11-16 17:43:51...cache directory and subdirectory check passed
2023-11-16 17:43:51.../module  directory and subdirectory check passed
2023-11-16 17:43:51.../upload directory check passed
2023-11-16 17:43:51.../zip check passed
2023-11-16 17:43:51...PCRE version check passed
2023-11-16 17:43:51...installerHook: Info: custom/install/install_hooks.php not present, no custom hooks to execute
2023-11-16 17:43:51...php.ini location found. D:\OpenServer2\modules\php\PHP_7.4\php.ini
2023-11-16 17:43:51...Outputting HTML for System check
2023-11-16 17:43:51...No Errors were found *************
2023-11-16 17:43:53...installerHook: Info: custom/install/install_hooks.php not present, no custom hooks to execute
2023-11-16 17:43:58...installerHook: Info: custom/install/install_hooks.php not present, no custom hooks to execute
2023-11-16 17:44:42...Begin DB Check Process *************
2023-11-16 17:44:42...testing with mysql:mysqli
2023-11-16 17:44:42...Basic form info is valid, continuing Process.
2023-11-16 17:44:42...Testing user account...
2023-11-16 17:44:42...Connection made using  host: suitecrm.com, usr: root
2023-11-16 17:44:42...SUCCESS:: no errors detected!
2023-11-16 17:44:42...End DB Check Process *************
2023-11-16 17:44:42...installerHook: Info: custom/install/install_hooks.php not present, no custom hooks to execute
2023-11-16 17:44:42...calling handleSugarConfig()
2023-11-16 17:44:42...calling handleHtaccess()
2023-11-16 17:44:42...calling handleDbCreateDatabase()
2023-11-16 17:44:43...looping through all the Beans and create their tables
2023-11-16 17:44:43...processing table acl_actions
2023-11-16 17:44:43...creating table acl_actions
2023-11-16 17:44:43...creating Relationship Meta for ACLAction
2023-11-16 17:44:43...processing table acl_roles
2023-11-16 17:44:43...creating table acl_roles
2023-11-16 17:44:43...creating Relationship Meta for ACLRole
2023-11-16 17:44:43...processing table relationships
2023-11-16 17:44:43...creating table relationships
2023-11-16 17:44:43...creating Relationship Meta for Relationship
2023-11-16 17:44:43...processing table leads
2023-11-16 17:44:43...creating table leads
2023-11-16 17:44:43...creating Relationship Meta for Lead
2023-11-16 17:44:43...processing table cases
2023-11-16 17:44:43...creating table cases
2023-11-16 17:44:43...creating Relationship Meta for Case
2023-11-16 17:44:43...processing table bugs
2023-11-16 17:44:43...creating table bugs
2023-11-16 17:44:43...creating Relationship Meta for Bug
2023-11-16 17:44:44...processing table users
2023-11-16 17:44:44...creating table users
2023-11-16 17:44:44...creating Relationship Meta for User
2023-11-16 17:44:44...processing table campaign_log
2023-11-16 17:44:44...creating table campaign_log
2023-11-16 17:44:44...creating Relationship Meta for CampaignLog
2023-11-16 17:44:44...processing table project
2023-11-16 17:44:44...creating table project
2023-11-16 17:44:44...creating Relationship Meta for Project
2023-11-16 17:44:44...processing table project_task
2023-11-16 17:44:44...creating table project_task
2023-11-16 17:44:44...creating Relationship Meta for ProjectTask
2023-11-16 17:44:44...processing table campaigns
2023-11-16 17:44:44...creating table campaigns
2023-11-16 17:44:44...creating Relationship Meta for Campaign
2023-11-16 17:44:44...processing table prospect_lists
2023-11-16 17:44:44...creating table prospect_lists
2023-11-16 17:44:44...creating Relationship Meta for ProspectList
2023-11-16 17:44:44...processing table prospects
2023-11-16 17:44:44...creating table prospects
2023-11-16 17:44:44...creating Relationship Meta for Prospect
2023-11-16 17:44:44...processing table email_marketing
2023-11-16 17:44:44...creating table email_marketing
2023-11-16 17:44:44...creating Relationship Meta for EmailMarketing
2023-11-16 17:44:44...processing table campaign_trkrs
2023-11-16 17:44:44...creating table campaign_trkrs
2023-11-16 17:44:44...creating Relationship Meta for CampaignTracker
2023-11-16 17:44:44...processing table releases
2023-11-16 17:44:45...creating table releases
2023-11-16 17:44:45...creating Relationship Meta for Release
2023-11-16 17:44:45...processing table emailman
2023-11-16 17:44:45...creating table emailman
2023-11-16 17:44:45...creating Relationship Meta for EmailMan
2023-11-16 17:44:45...processing table schedulers
2023-11-16 17:44:45...creating table schedulers
2023-11-16 17:44:45...creating Relationship Meta for Scheduler
2023-11-16 17:44:45...processing table job_queue
2023-11-16 17:44:45...creating table job_queue
2023-11-16 17:44:45...creating Relationship Meta for SchedulersJob
2023-11-16 17:44:45...processing table contacts
2023-11-16 17:44:45...creating table contacts
2023-11-16 17:44:45...creating Relationship Meta for Contact
2023-11-16 17:44:45...processing table accounts
2023-11-16 17:44:45...creating table accounts
2023-11-16 17:44:45...creating Relationship Meta for Account
2023-11-16 17:44:45...processing table opportunities
2023-11-16 17:44:45...creating table opportunities
2023-11-16 17:44:45...creating Relationship Meta for Opportunity
2023-11-16 17:44:45...processing table email_templates
2023-11-16 17:44:45...creating table email_templates
2023-11-16 17:44:45...creating Relationship Meta for EmailTemplate
2023-11-16 17:44:45...processing table notes
2023-11-16 17:44:45...creating table notes
2023-11-16 17:44:45...creating Relationship Meta for Note
2023-11-16 17:44:45...processing table calls
2023-11-16 17:44:45...creating table calls
2023-11-16 17:44:45...creating Relationship Meta for Call
2023-11-16 17:44:45...processing table emails
2023-11-16 17:44:46...creating table emails
2023-11-16 17:44:46...creating Relationship Meta for Email
2023-11-16 17:44:46...processing table meetings
2023-11-16 17:44:46...creating table meetings
2023-11-16 17:44:46...creating Relationship Meta for Meeting
2023-11-16 17:44:46...processing table tasks
2023-11-16 17:44:46...creating table tasks
2023-11-16 17:44:46...creating Relationship Meta for Task
2023-11-16 17:44:46...processing table users
2023-11-16 17:44:46...processing table users
2023-11-16 17:44:46...processing table currencies
2023-11-16 17:44:46...creating table currencies
2023-11-16 17:44:46...creating Relationship Meta for Currency
2023-11-16 17:44:46...processing table tracker
2023-11-16 17:44:46...creating table tracker
2023-11-16 17:44:46...creating Relationship Meta for Tracker
2023-11-16 17:44:46...processing table import_maps
2023-11-16 17:44:46...creating table import_maps
2023-11-16 17:44:46...creating Relationship Meta for ImportMap
2023-11-16 17:44:46...processing table users_last_import
2023-11-16 17:44:46...creating table users_last_import
2023-11-16 17:44:46...creating Relationship Meta for UsersLastImport
2023-11-16 17:44:46...processing table config
2023-11-16 17:44:46...creating table config
2023-11-16 17:44:46...creating Relationship Meta for Administration
2023-11-16 17:44:46...processing table upgrade_history
2023-11-16 17:44:46...creating table upgrade_history
2023-11-16 17:44:46...creating Relationship Meta for UpgradeHistory
2023-11-16 17:44:46...processing table vcals
2023-11-16 17:44:46...creating table vcals
2023-11-16 17:44:46...creating Relationship Meta for vCal
2023-11-16 17:44:46...processing table alerts
2023-11-16 17:44:46...creating table alerts
2023-11-16 17:44:46...creating Relationship Meta for Alert
2023-11-16 17:44:46...processing table roles
2023-11-16 17:44:46...creating table roles
2023-11-16 17:44:46...creating Relationship Meta for Role
2023-11-16 17:44:46...processing table documents
2023-11-16 17:44:46...creating table documents
2023-11-16 17:44:46...creating Relationship Meta for Document
2023-11-16 17:44:46...processing table document_revisions
2023-11-16 17:44:46...creating table document_revisions
2023-11-16 17:44:46...creating Relationship Meta for DocumentRevision
2023-11-16 17:44:46...processing table fields_meta_data
2023-11-16 17:44:46...creating table fields_meta_data
2023-11-16 17:44:46...creating Relationship Meta for FieldsMetaData
2023-11-16 17:44:46...processing table 
2023-11-16 17:44:46...processing table inbound_email
2023-11-16 17:44:47...creating table inbound_email
2023-11-16 17:44:47...creating Relationship Meta for InboundEmail
2023-11-16 17:44:47...processing table saved_search
2023-11-16 17:44:47...creating table saved_search
2023-11-16 17:44:47...creating Relationship Meta for SavedSearch
2023-11-16 17:44:47...processing table user_preferences
2023-11-16 17:44:47...creating table user_preferences
2023-11-16 17:44:47...creating Relationship Meta for UserPreference
2023-11-16 17:44:47...processing table 
2023-11-16 17:44:47...processing table email_addresses
2023-11-16 17:44:47...creating table email_addresses
2023-11-16 17:44:47...creating Relationship Meta for EmailAddress
2023-11-16 17:44:47...processing table emails_text
2023-11-16 17:44:47...creating table emails_text
2023-11-16 17:44:47...creating Relationship Meta for EmailText
2023-11-16 17:44:47...processing table spots
2023-11-16 17:44:47...creating table spots
2023-11-16 17:44:47...creating Relationship Meta for Spots
2023-11-16 17:44:47...processing table aobh_businesshours
2023-11-16 17:44:47...creating table aobh_businesshours
2023-11-16 17:44:47...creating Relationship Meta for AOBH_BusinessHours
2023-11-16 17:44:47...processing table sugarfeed
2023-11-16 17:44:47...creating table sugarfeed
2023-11-16 17:44:47...creating Relationship Meta for SugarFeed
2023-11-16 17:44:47...processing table eapm
2023-11-16 17:44:47...creating table eapm
2023-11-16 17:44:47...creating Relationship Meta for EAPM
2023-11-16 17:44:47...processing table oauth_consumer
2023-11-16 17:44:47...creating table oauth_consumer
2023-11-16 17:44:47...creating Relationship Meta for OAuthKey
2023-11-16 17:44:47...processing table oauth_tokens
2023-11-16 17:44:47...creating table oauth_tokens
2023-11-16 17:44:47...creating Relationship Meta for OAuthToken
2023-11-16 17:44:47...processing table am_projecttemplates
2023-11-16 17:44:47...creating table am_projecttemplates
2023-11-16 17:44:47...creating Relationship Meta for AM_ProjectTemplates
2023-11-16 17:44:47...processing table am_tasktemplates
2023-11-16 17:44:48...creating table am_tasktemplates
2023-11-16 17:44:48...creating Relationship Meta for AM_TaskTemplates
2023-11-16 17:44:48...processing table favorites
2023-11-16 17:44:48...creating table favorites
2023-11-16 17:44:48...creating Relationship Meta for Favorites
2023-11-16 17:44:48...processing table aok_knowledge_base_categories
2023-11-16 17:44:48...creating table aok_knowledge_base_categories
2023-11-16 17:44:48...creating Relationship Meta for AOK_Knowledge_Base_Categories
2023-11-16 17:44:48...processing table aok_knowledgebase
2023-11-16 17:44:48...creating table aok_knowledgebase
2023-11-16 17:44:48...creating Relationship Meta for AOK_KnowledgeBase
2023-11-16 17:44:48...processing table reminders
2023-11-16 17:44:48...creating table reminders
2023-11-16 17:44:48...creating Relationship Meta for Reminder
2023-11-16 17:44:48...processing table reminders_invitees
2023-11-16 17:44:48...creating table reminders_invitees
2023-11-16 17:44:48...creating Relationship Meta for Reminder_Invitee
2023-11-16 17:44:48...processing table fp_events
2023-11-16 17:44:48...creating table fp_events
2023-11-16 17:44:48...creating Relationship Meta for FP_events
2023-11-16 17:44:48...processing table fp_event_locations
2023-11-16 17:44:48...creating table fp_event_locations
2023-11-16 17:44:48...creating Relationship Meta for FP_Event_Locations
2023-11-16 17:44:48...processing table aod_indexevent
2023-11-16 17:44:48...creating table aod_indexevent
2023-11-16 17:44:48...creating Relationship Meta for AOD_IndexEvent
2023-11-16 17:44:48...processing table aod_index
2023-11-16 17:44:48...creating table aod_index
2023-11-16 17:44:48...creating Relationship Meta for AOD_Index
2023-11-16 17:44:49...processing table aop_case_events
2023-11-16 17:44:49...creating table aop_case_events
2023-11-16 17:44:49...creating Relationship Meta for AOP_Case_Events
2023-11-16 17:44:49...processing table aop_case_updates
2023-11-16 17:44:49...creating table aop_case_updates
2023-11-16 17:44:49...creating Relationship Meta for AOP_Case_Updates
2023-11-16 17:44:49...processing table aor_reports
2023-11-16 17:44:49...creating table aor_reports
2023-11-16 17:44:49...creating Relationship Meta for AOR_Report
2023-11-16 17:44:49...processing table aor_fields
2023-11-16 17:44:49...creating table aor_fields
2023-11-16 17:44:49...creating Relationship Meta for AOR_Field
2023-11-16 17:44:49...processing table aor_charts
2023-11-16 17:44:49...creating table aor_charts
2023-11-16 17:44:49...creating Relationship Meta for AOR_Chart
2023-11-16 17:44:49...processing table aor_conditions
2023-11-16 17:44:49...creating table aor_conditions
2023-11-16 17:44:49...creating Relationship Meta for AOR_Condition
2023-11-16 17:44:49...processing table aor_scheduled_reports
2023-11-16 17:44:49...creating table aor_scheduled_reports
2023-11-16 17:44:49...creating Relationship Meta for AOR_Scheduled_Reports
2023-11-16 17:44:49...processing table aos_contracts
2023-11-16 17:44:49...creating table aos_contracts
2023-11-16 17:44:49...creating Relationship Meta for AOS_Contracts
2023-11-16 17:44:49...processing table aos_invoices
2023-11-16 17:44:50...creating table aos_invoices
2023-11-16 17:44:50...creating Relationship Meta for AOS_Invoices
2023-11-16 17:44:50...processing table aos_pdf_templates
2023-11-16 17:44:50...creating table aos_pdf_templates
2023-11-16 17:44:50...creating Relationship Meta for AOS_PDF_Templates
2023-11-16 17:44:50...processing table aos_product_categories
2023-11-16 17:44:50...creating table aos_product_categories
2023-11-16 17:44:50...creating Relationship Meta for AOS_Product_Categories
2023-11-16 17:44:50...processing table aos_products
2023-11-16 17:44:50...creating table aos_products
2023-11-16 17:44:50...creating Relationship Meta for AOS_Products
2023-11-16 17:44:50...processing table aos_products_quotes
2023-11-16 17:44:50...creating table aos_products_quotes
2023-11-16 17:44:50...creating Relationship Meta for AOS_Products_Quotes
2023-11-16 17:44:50...processing table aos_line_item_groups
2023-11-16 17:44:50...creating table aos_line_item_groups
2023-11-16 17:44:50...creating Relationship Meta for AOS_Line_Item_Groups
2023-11-16 17:44:50...processing table aos_quotes
2023-11-16 17:44:50...creating table aos_quotes
2023-11-16 17:44:50...creating Relationship Meta for AOS_Quotes
2023-11-16 17:44:50...processing table aow_actions
2023-11-16 17:44:50...creating table aow_actions
2023-11-16 17:44:50...creating Relationship Meta for AOW_Action
2023-11-16 17:44:50...processing table aow_workflow
2023-11-16 17:44:50...creating table aow_workflow
2023-11-16 17:44:50...creating Relationship Meta for AOW_WorkFlow
2023-11-16 17:44:51...processing table aow_processed
2023-11-16 17:44:51...creating table aow_processed
2023-11-16 17:44:51...creating Relationship Meta for AOW_Processed
2023-11-16 17:44:51...processing table aow_conditions
2023-11-16 17:44:51...creating table aow_conditions
2023-11-16 17:44:51...creating Relationship Meta for AOW_Condition
2023-11-16 17:44:51...processing table jjwg_maps
2023-11-16 17:44:51...creating table jjwg_maps
2023-11-16 17:44:51...creating Relationship Meta for jjwg_Maps
2023-11-16 17:44:51...processing table jjwg_markers
2023-11-16 17:44:51...creating table jjwg_markers
2023-11-16 17:44:51...creating Relationship Meta for jjwg_Markers
2023-11-16 17:44:51...processing table jjwg_areas
2023-11-16 17:44:51...creating table jjwg_areas
2023-11-16 17:44:51...creating Relationship Meta for jjwg_Areas
2023-11-16 17:44:51...processing table jjwg_address_cache
2023-11-16 17:44:51...creating table jjwg_address_cache
2023-11-16 17:44:51...creating Relationship Meta for jjwg_Address_Cache
2023-11-16 17:44:51...processing table calls_reschedule
2023-11-16 17:44:51...creating table calls_reschedule
2023-11-16 17:44:51...creating Relationship Meta for Calls_Reschedule
2023-11-16 17:44:51...processing table securitygroups
2023-11-16 17:44:51...creating table securitygroups
2023-11-16 17:44:51...creating Relationship Meta for SecurityGroup
2023-11-16 17:44:52...processing table outbound_email
2023-11-16 17:44:52...creating table outbound_email
2023-11-16 17:44:52...creating Relationship Meta for OutboundEmailAccounts
2023-11-16 17:44:52...processing table external_oauth_connections
2023-11-16 17:44:52...creating table external_oauth_connections
2023-11-16 17:44:52...creating Relationship Meta for ExternalOAuthConnection
2023-11-16 17:44:52...processing table external_oauth_providers
2023-11-16 17:44:52...creating table external_oauth_providers
2023-11-16 17:44:52...creating Relationship Meta for ExternalOAuthProvider
2023-11-16 17:44:52...processing table templatesectionline
2023-11-16 17:44:52...creating table templatesectionline
2023-11-16 17:44:52...creating Relationship Meta for TemplateSectionLine
2023-11-16 17:44:52...processing table oauth2tokens
2023-11-16 17:44:52...creating table oauth2tokens
2023-11-16 17:44:52...creating Relationship Meta for OAuth2Tokens
2023-11-16 17:44:52...processing table oauth2clients
2023-11-16 17:44:52...creating table oauth2clients
2023-11-16 17:44:52...creating Relationship Meta for OAuth2Clients
2023-11-16 17:44:52...processing table surveyresponses
2023-11-16 17:44:52...creating table surveyresponses
2023-11-16 17:44:52...creating Relationship Meta for SurveyResponses
2023-11-16 17:44:52...processing table surveys
2023-11-16 17:44:52...creating table surveys
2023-11-16 17:44:52...creating Relationship Meta for Surveys
2023-11-16 17:44:52...processing table surveyquestionresponses
2023-11-16 17:44:53...creating table surveyquestionresponses
2023-11-16 17:44:53...creating Relationship Meta for SurveyQuestionResponses
2023-11-16 17:44:53...processing table surveyquestions
2023-11-16 17:44:53...creating table surveyquestions
2023-11-16 17:44:53...creating Relationship Meta for SurveyQuestions
2023-11-16 17:44:53...processing table surveyquestionoptions
2023-11-16 17:44:53...creating table surveyquestionoptions
2023-11-16 17:44:53...creating Relationship Meta for SurveyQuestionOptions
2023-11-16 17:44:55...Begin creating Defaults
2023-11-16 17:44:55...insert defaults into config table
2023-11-16 17:44:55...Creating default users
2023-11-16 17:44:55...Creating default scheduler jobs
2023-11-16 17:44:55...Enable SugarFeeds
2023-11-16 17:44:55...Installation has completed *********
2023-11-16 17:45:01...populating the db with seed data
2023-11-16 17:45:01...Save configuration settings..
2023-11-16 17:45:01...save locale
2023-11-16 17:45:01...new Administration
2023-11-16 17:45:01...retrieveSettings
2023-11-16 17:45:01...AdminWizard OFF
2023-11-16 17:45:01...saveConfig
2023-11-16 17:45:01...new Configurator
2023-11-16 17:45:01...populateFromPost
2023-11-16 17:45:01...handleOverride
2023-11-16 17:45:01...addCronAllowedUser
2023-11-16 17:45:01...saveConfig
2023-11-16 17:45:01...new Currency
2023-11-16 17:45:01...retrieve
2023-11-16 17:45:01...DBG: save currency
2023-11-16 17:45:01...Save user settings..
2023-11-16 17:45:01...DBG: SugarThemeRegistry::getDefault
2023-11-16 17:45:03...installerHook: Info: custom/install/install_hooks.php not present, no custom hooks to execute